[56]2022-03-16 00:49:38,990: [epoch 1] ,lr: 4.4897877608286445e-05 ,tr_loss: 558.0617880523205
[56]2022-03-16 00:49:43,011: ***** Running evaluation *****
[56]2022-03-16 00:51:10,818:   acc = 0.871858848690073
[56]2022-03-16 00:51:10,819:   f1 = 0.6484107579462102
[56]2022-03-16 00:51:10,819:   precision = 0.5562080536912751
[56]2022-03-16 00:51:10,819:   recall = 0.7772567409144197
[56]2022-03-16 00:58:50,268: [epoch 2] ,lr: 8.979575521657289e-05 ,tr_loss: 300.0183847229928
[56]2022-03-16 00:58:54,282: ***** Running evaluation *****
[56]2022-03-16 01:00:22,058:   acc = 0.8823739083942256
[56]2022-03-16 01:00:22,058:   f1 = 0.6921641791044775
[56]2022-03-16 01:00:22,058:   precision = 0.5747482571649883
[56]2022-03-16 01:00:22,058:   recall = 0.8698710433763188
[56]2022-03-16 01:08:01,138: [epoch 3] ,lr: 0.0 ,tr_loss: 151.42063403315842
[56]2022-03-16 01:08:05,141: ***** Running evaluation *****
[56]2022-03-16 01:09:32,893:   acc = 0.9354838709677419
[56]2022-03-16 01:09:32,893:   f1 = 0.7924311926605506
[56]2022-03-16 01:09:32,893:   precision = 0.7755331088664422
[56]2022-03-16 01:09:32,893:   recall = 0.8100820633059789
[56]2022-03-16 01:11:01,954:   acc = 0.9354838709677419
[56]2022-03-16 01:11:01,955:   f1 = 0.7924311926605506
[56]2022-03-16 01:11:01,955:   precision = 0.7755331088664422
[56]2022-03-16 01:11:01,955:   recall = 0.8100820633059789
[56]2022-03-16 01:11:27,332: ***** Running model on dev data *****
[56]2022-03-16 01:21:44,549: -----Best Result-----
[56]2022-03-16 01:21:44,549:   acc = 0.9354838709677419
[56]2022-03-16 01:21:44,550:   f1 = 0.7924311926605506
[56]2022-03-16 01:21:44,550:   precision = 0.7755331088664422
[56]2022-03-16 01:21:44,550:   recall = 0.8100820633059789
[56]2022-03-16 01:21:48,592: ***** Running evaluation *****
[56]2022-03-16 01:23:16,316:   acc = 0.9354838709677419
[56]2022-03-16 01:23:16,317:   f1 = 0.7924311926605506
[56]2022-03-16 01:23:16,317:   precision = 0.7755331088664422
[56]2022-03-16 01:23:16,317:   recall = 0.8100820633059789
[56]2022-03-16 01:23:16,317: Saved to saves/roberta-base/1_20220316-0041
[56]2022-03-16 14:21:51,807: ***** Running model on dev data *****
[56]2022-03-16 14:32:12,550: ***** Running evaluation *****
[56]2022-03-16 14:33:39,665:   acc = 0.9354838709677419
[56]2022-03-16 14:33:39,665:   f1 = 0.7924311926605506
[56]2022-03-16 14:33:39,666:   precision = 0.7755331088664422
[56]2022-03-16 14:33:39,666:   recall = 0.8100820633059789
[56]2022-03-16 14:33:39,666: Saved to /vol/tensusers4/jgrunwald/metaphorclam/metaphorclam/MetRobert_run2/saves/roberta-base/1_20220316-0041
[56]2022-03-16 17:11:38,102: ***** Running model on dev data *****
[56]2022-03-16 17:11:56,721: ***** Running evaluation *****
[56]2022-03-16 17:13:24,510:   acc = 0.9354838709677419
[56]2022-03-16 17:13:24,510:   f1 = 0.7924311926605506
[56]2022-03-16 17:13:24,510:   precision = 0.7755331088664422
[56]2022-03-16 17:13:24,510:   recall = 0.8100820633059789
[56]2022-03-16 17:13:24,511: Saved to /vol/tensusers4/jgrunwald/metaphorclam/metaphorclam/MetRobert_run2/saves/roberta-base/1_20220316-0041
[56]2022-03-16 18:17:58,030: ***** Running model on dev data *****
[56]2022-03-16 18:18:11,068: ***** Running evaluation *****
[56]2022-03-16 18:19:38,753:   acc = 0.9354838709677419
[56]2022-03-16 18:19:38,754:   f1 = 0.7924311926605506
[56]2022-03-16 18:19:38,754:   precision = 0.7755331088664422
[56]2022-03-16 18:19:38,754:   recall = 0.8100820633059789
[56]2022-03-16 18:19:38,754: Saved to /vol/tensusers4/jgrunwald/metaphorclam/metaphorclam/MetRobert_run2/saves/roberta-base/1_20220316-0041
[56]2022-03-16 18:43:01,137: ***** Running model on dev data *****
[56]2022-03-16 18:43:08,698: Saved to /vol/tensusers4/jgrunwald/metaphorclam/metaphorclam/MetRobert_run2/saves/roberta-base/1_20220316-0041
[56]2022-03-16 18:59:18,169: ***** Running model on dev data *****
[56]2022-03-16 18:59:31,785: Saved to /vol/tensusers4/jgrunwald/metaphorclam/metaphorclam/MetRobert_run2/saves/roberta-base/1_20220316-0041
[56]2022-03-16 22:07:39,684: ***** Running model on dev data *****
[56]2022-03-16 22:17:10,376: Saved to /vol/tensusers4/jgrunwald/metaphorclam/metaphorclam/MetRobert_run2/saves/roberta-base/1_20220316-0041
[56]2022-03-17 00:17:34,289: ***** Running model on dev data *****
[56]2022-03-17 00:17:43,439: Saved to /vol/tensusers4/jgrunwald/metaphorclam/metaphorclam/MetRobert_run2/saves/roberta-base/1_20220316-0041
[56]2022-03-17 00:28:00,413: ***** Running model on dev data *****
[56]2022-03-17 00:28:09,059: Saved to /vol/tensusers4/jgrunwald/metaphorclam/metaphorclam/MetRobert_run2/saves/roberta-base/1_20220316-0041
[56]2022-03-17 03:35:21,673: ***** Running model on dev data *****
[56]2022-03-17 03:45:57,004: Saved to /vol/tensusers4/jgrunwald/metaphorclam/metaphorclam/MetRobert_run2/saves/roberta-base/1_20220316-0041
[56]2022-03-18 02:12:49,740: ***** Running model on dev data *****
[56]2022-03-18 02:21:02,085: Saved to /vol/tensusers4/jgrunwald/metaphorclam/metaphorclam/MetRobert_run2/saves/roberta-base/1_20220316-0041
[56]2022-03-18 11:41:32,152: ***** Running model on dev data *****
[56]2022-03-18 11:49:41,013: Saved to /vol/tensusers4/jgrunwald/metaphorclam/metaphorclam/MetRobert_run2/saves/roberta-base/1_20220316-0041
[56]2022-03-18 15:01:58,460: ***** Running model on dev data *****
[56]2022-03-18 15:20:04,843: Saved to /vol/tensusers4/jgrunwald/metaphorclam/metaphorclam/MetRobert_run2/saves/roberta-base/1_20220316-0041
[56]2022-03-20 14:19:10,256: ***** Running model on dev data *****
[56]2022-03-20 14:19:15,420: Saved to /vol/tensusers4/jgrunwald/metaphorclam/metaphorclam/MetRobert_run2/saves/roberta-base/1_20220316-0041
[56]2022-03-20 15:46:41,083: ***** Running model on dev data *****
[56]2022-03-20 16:11:17,231: ***** Running model on dev data *****
[56]2022-03-20 16:19:17,261: Saved to /vol/tensusers4/jgrunwald/metaphorclam/metaphorclam/MetRobert_run2/saves/roberta-base/1_20220316-0041
[56]2022-03-20 17:09:23,475: ***** Running model on dev data *****
[56]2022-03-20 17:17:26,868: Saved to /vol/tensusers4/jgrunwald/metaphorclam/metaphorclam/MetRobert_run2/saves/roberta-base/1_20220316-0041
[56]2022-03-22 12:41:57,687: ***** Running model on dev data *****
[56]2022-03-22 15:36:06,302: ***** Running model on dev data *****
[56]2022-03-22 15:44:05,904: Saved to /vol/tensusers4/jgrunwald/metaphorclam/metaphorclam/MetRobert_run2/saves/roberta-base/1_20220316-0041
[56]2022-03-25 13:56:26,143: ***** Running model on dev data *****
[56]2022-03-25 14:08:01,668: Saved to /vol/tensusers4/jgrunwald/metaphorclam/metaphorclam/MetRobert_run2/saves/roberta-base/1_20220316-0041
[56]2022-03-25 14:26:40,494: ***** Running model on dev data *****
[56]2022-03-25 14:37:01,681: Saved to /vol/tensusers4/jgrunwald/metaphorclam/metaphorclam/MetRobert_run2/saves/roberta-base/1_20220316-0041
[56]2022-03-26 10:42:16,424: ***** Running model on dev data *****
[56]2022-03-26 10:51:53,525: Saved to /vol/tensusers4/jgrunwald/metaphorclam/metaphorclam/MetRobert_run2/saves/roberta-base/1_20220316-0041
[56]2022-03-26 11:07:04,602: ***** Running model on dev data *****
[56]2022-03-26 11:16:38,940: Saved to /vol/tensusers4/jgrunwald/metaphorclam/metaphorclam/MetRobert_run2/saves/roberta-base/1_20220316-0041
[56]2022-03-26 11:33:23,574: ***** Running model on dev data *****
[56]2022-03-26 11:43:00,405: Saved to /vol/tensusers4/jgrunwald/metaphorclam/metaphorclam/MetRobert_run2/saves/roberta-base/1_20220316-0041
[56]2022-03-26 11:48:47,197: ***** Running model on dev data *****
[56]2022-03-26 11:58:24,955: Saved to /vol/tensusers4/jgrunwald/metaphorclam/metaphorclam/MetRobert_run2/saves/roberta-base/1_20220316-0041
[56]2022-03-27 16:01:41,423: ***** Running model on dev data *****
[56]2022-03-27 16:01:44,227: Saved to /vol/tensusers4/jgrunwald/metaphorclam/metaphorclam/MetRobert_run2/saves/roberta-base/1_20220316-0041
[56]2022-03-27 16:41:32,846: ***** Running model on dev data *****
[56]2022-03-27 16:42:20,597: Saved to /vol/tensusers4/jgrunwald/metaphorclam/metaphorclam/MetRobert_run2/saves/roberta-base/1_20220316-0041
[56]2022-03-27 17:31:11,258: ***** Running model on dev data *****
[56]2022-03-27 17:31:59,344: Saved to /vol/tensusers4/jgrunwald/metaphorclam/metaphorclam/MetRobert_run2/saves/roberta-base/1_20220316-0041
[56]2022-03-27 21:43:57,992: ***** Running model on dev data *****
[56]2022-03-27 21:44:52,092: Saved to /vol/tensusers4/jgrunwald/metaphorclam/metaphorclam/MetRobert_run2/saves/roberta-base/1_20220316-0041
[56]2022-04-01 10:56:41,966: ***** Running model on dev data *****
[56]2022-04-01 10:57:28,937: Saved to /vol/tensusers4/jgrunwald/metaphorclam/metaphorclam/MetRobert_run2/saves/roberta-base/1_20220316-0041
[56]2022-04-01 12:43:07,088: ***** Running model on dev data *****
[56]2022-04-01 12:43:52,821: Saved to /vol/tensusers4/jgrunwald/metaphorclam/metaphorclam/MetRobert_run2/saves/roberta-base/1_20220316-0041
[56]2022-04-04 09:05:40,926: ***** Running model on dev data *****
[56]2022-04-04 09:05:44,665: Saved to /vol/tensusers4/jgrunwald/metaphorclam/metaphorclam/MetRobert_run2/saves/roberta-base/1_20220316-0041
[56]2022-04-04 13:16:24,170: ***** Running model on dev data *****
[56]2022-04-04 13:16:27,509: Saved to /vol/tensusers4/jgrunwald/metaphorclam/metaphorclam/MetRobert_run2/saves/roberta-base/1_20220316-0041
[56]2022-04-04 17:24:07,871: ***** Running model on dev data *****
[56]2022-04-04 17:24:11,579: Saved to /vol/tensusers4/jgrunwald/metaphorclam/metaphorclam/MetRobert_run2/saves/roberta-base/1_20220316-0041
[56]2022-04-04 17:30:26,074: ***** Running model on dev data *****
[56]2022-04-04 17:30:29,476: Saved to /vol/tensusers4/jgrunwald/metaphorclam/metaphorclam/MetRobert_run2/saves/roberta-base/1_20220316-0041
[56]2022-04-04 17:38:54,706: ***** Running model on dev data *****
[56]2022-04-04 17:38:58,344: Saved to /vol/tensusers4/jgrunwald/metaphorclam/metaphorclam/MetRobert_run2/saves/roberta-base/1_20220316-0041
[56]2022-04-04 17:48:45,568: ***** Running model on dev data *****
[56]2022-04-04 17:48:50,293: Saved to /vol/tensusers4/jgrunwald/metaphorclam/metaphorclam/MetRobert_run2/saves/roberta-base/1_20220316-0041
[56]2022-04-04 18:47:14,282: ***** Running model on dev data *****
[56]2022-04-04 18:47:17,647: Saved to /vol/tensusers4/jgrunwald/metaphorclam/metaphorclam/MetRobert_run2/saves/roberta-base/1_20220316-0041
[56]2022-04-04 18:52:44,100: ***** Running model on dev data *****
[56]2022-04-04 18:52:47,458: Saved to /vol/tensusers4/jgrunwald/metaphorclam/metaphorclam/MetRobert_run2/saves/roberta-base/1_20220316-0041
[56]2022-04-04 18:58:05,489: ***** Running model on dev data *****
[56]2022-04-04 18:58:08,940: Saved to /vol/tensusers4/jgrunwald/metaphorclam/metaphorclam/MetRobert_run2/saves/roberta-base/1_20220316-0041
[56]2022-04-04 19:00:42,940: ***** Running model on dev data *****
[56]2022-04-04 19:00:46,642: Saved to /vol/tensusers4/jgrunwald/metaphorclam/metaphorclam/MetRobert_run2/saves/roberta-base/1_20220316-0041
[56]2022-04-04 19:04:33,960: ***** Running model on dev data *****
[56]2022-04-04 19:04:37,335: Saved to /vol/tensusers4/jgrunwald/metaphorclam/metaphorclam/MetRobert_run2/saves/roberta-base/1_20220316-0041
[56]2022-04-04 19:06:56,470: ***** Running model on dev data *****
[56]2022-04-04 19:06:59,979: Saved to /vol/tensusers4/jgrunwald/metaphorclam/metaphorclam/MetRobert_run2/saves/roberta-base/1_20220316-0041
[56]2022-04-04 19:11:52,596: ***** Running model on dev data *****
[56]2022-04-04 19:11:55,972: Saved to /vol/tensusers4/jgrunwald/metaphorclam/metaphorclam/MetRobert_run2/saves/roberta-base/1_20220316-0041
[56]2022-04-04 19:15:04,717: ***** Running model on dev data *****
[56]2022-04-04 19:15:08,181: Saved to /vol/tensusers4/jgrunwald/metaphorclam/metaphorclam/MetRobert_run2/saves/roberta-base/1_20220316-0041
[56]2022-04-04 19:18:30,765: ***** Running model on dev data *****
[56]2022-04-04 19:18:33,968: Saved to /vol/tensusers4/jgrunwald/metaphorclam/metaphorclam/MetRobert_run2/saves/roberta-base/1_20220316-0041
[56]2022-04-04 19:19:59,804: ***** Running model on dev data *****
[56]2022-04-04 19:20:03,173: Saved to /vol/tensusers4/jgrunwald/metaphorclam/metaphorclam/MetRobert_run2/saves/roberta-base/1_20220316-0041
[56]2022-04-04 19:21:36,159: ***** Running model on dev data *****
[56]2022-04-04 19:21:39,496: Saved to /vol/tensusers4/jgrunwald/metaphorclam/metaphorclam/MetRobert_run2/saves/roberta-base/1_20220316-0041
[56]2022-04-04 19:26:13,824: ***** Running model on dev data *****
[56]2022-04-04 19:28:25,679: Saved to /vol/tensusers4/jgrunwald/metaphorclam/metaphorclam/MetRobert_run2/saves/roberta-base/1_20220316-0041
[56]2022-04-04 19:43:58,985: ***** Running model on dev data *****
[56]2022-04-04 19:44:02,259: Saved to /vol/tensusers4/jgrunwald/metaphorclam/metaphorclam/MetRobert_run2/saves/roberta-base/1_20220316-0041
[56]2022-04-04 19:46:45,571: ***** Running model on dev data *****
[56]2022-04-04 19:46:49,120: Saved to /vol/tensusers4/jgrunwald/metaphorclam/metaphorclam/MetRobert_run2/saves/roberta-base/1_20220316-0041
[56]2022-04-04 19:49:12,946: ***** Running model on dev data *****
[56]2022-04-04 19:49:16,314: Saved to /vol/tensusers4/jgrunwald/metaphorclam/metaphorclam/MetRobert_run2/saves/roberta-base/1_20220316-0041
[56]2022-04-04 19:51:55,279: ***** Running model on dev data *****
[56]2022-04-04 19:51:58,701: Saved to /vol/tensusers4/jgrunwald/metaphorclam/metaphorclam/MetRobert_run2/saves/roberta-base/1_20220316-0041
[56]2022-04-04 19:56:36,620: ***** Running model on dev data *****
[56]2022-04-04 19:56:40,050: Saved to /vol/tensusers4/jgrunwald/metaphorclam/metaphorclam/MetRobert_run2/saves/roberta-base/1_20220316-0041
[56]2022-04-04 20:07:07,437: ***** Running model on dev data *****
[56]2022-04-04 20:07:10,842: Saved to /vol/tensusers4/jgrunwald/metaphorclam/metaphorclam/MetRobert_run2/saves/roberta-base/1_20220316-0041
[56]2022-04-04 20:10:41,925: ***** Running model on dev data *****
[56]2022-04-04 20:10:45,253: Saved to /vol/tensusers4/jgrunwald/metaphorclam/metaphorclam/MetRobert_run2/saves/roberta-base/1_20220316-0041
[56]2022-04-04 20:13:40,000: ***** Running model on dev data *****
[56]2022-04-04 20:13:43,384: Saved to /vol/tensusers4/jgrunwald/metaphorclam/metaphorclam/MetRobert_run2/saves/roberta-base/1_20220316-0041
[56]2022-04-04 20:15:51,492: ***** Running model on dev data *****
[56]2022-04-04 20:15:54,866: Saved to /vol/tensusers4/jgrunwald/metaphorclam/metaphorclam/MetRobert_run2/saves/roberta-base/1_20220316-0041
[56]2022-04-04 20:17:41,165: ***** Running model on dev data *****
[56]2022-04-04 20:17:44,892: Saved to /vol/tensusers4/jgrunwald/metaphorclam/metaphorclam/MetRobert_run2/saves/roberta-base/1_20220316-0041
[56]2022-04-04 20:22:42,718: ***** Running model on dev data *****
[56]2022-04-04 20:22:46,320: Saved to /vol/tensusers4/jgrunwald/metaphorclam/metaphorclam/MetRobert_run2/saves/roberta-base/1_20220316-0041
[56]2022-04-04 20:30:44,487: ***** Running model on dev data *****
[56]2022-04-04 20:30:53,891: Saved to /vol/tensusers4/jgrunwald/metaphorclam/metaphorclam/MetRobert_run2/saves/roberta-base/1_20220316-0041
[56]2022-04-04 20:36:25,735: ***** Running model on dev data *****
[56]2022-04-04 20:36:36,008: Saved to /vol/tensusers4/jgrunwald/metaphorclam/metaphorclam/MetRobert_run2/saves/roberta-base/1_20220316-0041
[56]2022-04-04 20:40:32,209: ***** Running model on dev data *****
[56]2022-04-04 20:40:41,750: Saved to /vol/tensusers4/jgrunwald/metaphorclam/metaphorclam/MetRobert_run2/saves/roberta-base/1_20220316-0041
[56]2022-04-04 21:15:00,375: ***** Running model on dev data *****
[56]2022-04-04 21:15:48,253: Saved to /vol/tensusers4/jgrunwald/metaphorclam/metaphorclam/MetRobert_run2/saves/roberta-base/1_20220316-0041
[56]2022-04-06 15:08:50,359: ***** Running model on dev data *****
[56]2022-04-06 15:08:54,594: Saved to /vol/tensusers4/jgrunwald/metaphorclam/metaphorclam/MetRobert_run2/saves/roberta-base/1_20220316-0041
[56]2022-04-06 15:10:30,576: ***** Running model on dev data *****
[56]2022-04-06 15:10:34,978: Saved to /vol/tensusers4/jgrunwald/metaphorclam/metaphorclam/MetRobert_run2/saves/roberta-base/1_20220316-0041
[56]2022-04-06 15:14:13,973: ***** Running model on dev data *****
[56]2022-04-06 15:14:18,751: Saved to /vol/tensusers4/jgrunwald/metaphorclam/metaphorclam/MetRobert_run2/saves/roberta-base/1_20220316-0041
[56]2022-04-06 15:18:53,077: ***** Running model on dev data *****
[56]2022-04-06 15:18:57,247: Saved to /vol/tensusers4/jgrunwald/metaphorclam/metaphorclam/MetRobert_run2/saves/roberta-base/1_20220316-0041
[56]2022-04-06 15:21:12,130: ***** Running model on dev data *****
[56]2022-04-06 15:21:16,667: Saved to /vol/tensusers4/jgrunwald/metaphorclam/metaphorclam/MetRobert_run2/saves/roberta-base/1_20220316-0041
[56]2022-04-06 15:23:19,105: ***** Running model on dev data *****
[56]2022-04-06 15:23:23,435: Saved to /vol/tensusers4/jgrunwald/metaphorclam/metaphorclam/MetRobert_run2/saves/roberta-base/1_20220316-0041
[56]2022-04-06 15:32:49,583: ***** Running model on dev data *****
[56]2022-04-06 15:32:54,101: Saved to /vol/tensusers4/jgrunwald/metaphorclam/metaphorclam/MetRobert_run2/saves/roberta-base/1_20220316-0041
[56]2022-04-06 15:37:44,706: ***** Running model on dev data *****
[56]2022-04-06 15:37:49,053: Saved to /vol/tensusers4/jgrunwald/metaphorclam/metaphorclam/MetRobert_run2/saves/roberta-base/1_20220316-0041
[56]2022-04-06 15:42:23,860: ***** Running model on dev data *****
[56]2022-04-06 15:42:28,198: Saved to /vol/tensusers4/jgrunwald/metaphorclam/metaphorclam/MetRobert_run2/saves/roberta-base/1_20220316-0041
[56]2022-04-06 15:48:24,136: ***** Running model on dev data *****
[56]2022-04-06 15:48:30,197: Saved to /vol/tensusers4/jgrunwald/metaphorclam/metaphorclam/MetRobert_run2/saves/roberta-base/1_20220316-0041
[56]2022-04-06 15:56:22,193: ***** Running model on dev data *****
[56]2022-04-06 15:56:26,570: Saved to /vol/tensusers4/jgrunwald/metaphorclam/metaphorclam/MetRobert_run2/saves/roberta-base/1_20220316-0041
[56]2022-04-08 15:06:51,514: ***** Running model on dev data *****
[56]2022-04-08 15:06:55,936: Saved to /vol/tensusers4/jgrunwald/metaphorclam/metaphorclam/MetRobert_run2/saves/roberta-base/1_20220316-0041
[56]2022-04-12 15:17:12,963: ***** Running model on dev data *****
[56]2022-04-12 15:17:17,768: Saved to /vol/tensusers4/jgrunwald/metaphorclam/metaphorclam/MetRobert_run2/saves/roberta-base/1_20220316-0041
[56]2022-04-12 15:26:09,654: ***** Running model on dev data *****
[56]2022-04-12 15:26:14,385: Saved to /vol/tensusers4/jgrunwald/metaphorclam/metaphorclam/MetRobert_run2/saves/roberta-base/1_20220316-0041
[56]2022-04-12 15:32:04,036: ***** Running model on dev data *****
[56]2022-04-12 15:32:08,616: Saved to /vol/tensusers4/jgrunwald/metaphorclam/metaphorclam/MetRobert_run2/saves/roberta-base/1_20220316-0041
[56]2022-04-12 15:32:55,469: ***** Running model on dev data *****
[56]2022-04-12 15:33:00,176: Saved to /vol/tensusers4/jgrunwald/metaphorclam/metaphorclam/MetRobert_run2/saves/roberta-base/1_20220316-0041
[56]2022-04-12 15:35:26,545: ***** Running model on dev data *****
[56]2022-04-12 15:35:31,258: Saved to /vol/tensusers4/jgrunwald/metaphorclam/metaphorclam/MetRobert_run2/saves/roberta-base/1_20220316-0041
[56]2022-04-12 15:38:43,148: ***** Running model on dev data *****
[56]2022-04-12 15:38:47,634: Saved to /vol/tensusers4/jgrunwald/metaphorclam/metaphorclam/MetRobert_run2/saves/roberta-base/1_20220316-0041
[56]2022-04-12 15:41:44,226: ***** Running model on dev data *****
[56]2022-04-12 15:41:50,180: Saved to /vol/tensusers4/jgrunwald/metaphorclam/metaphorclam/MetRobert_run2/saves/roberta-base/1_20220316-0041
[56]2022-04-12 15:43:27,049: ***** Running model on dev data *****
[56]2022-04-12 15:43:31,819: Saved to /vol/tensusers4/jgrunwald/metaphorclam/metaphorclam/MetRobert_run2/saves/roberta-base/1_20220316-0041
[56]2022-04-12 16:04:31,765: ***** Running model on dev data *****
[56]2022-04-12 16:04:36,374: Saved to /vol/tensusers4/jgrunwald/metaphorclam/metaphorclam/MetRobert_run2/saves/roberta-base/1_20220316-0041
